<?xml version="1.0" encoding="UTF-8"?>
<!-- Generated by org.testng.reporters.JUnitXMLReporter -->
<testsuite hostname="Gopinath-Jayakumar" name="Test" tests="6" failures="0" timestamp="17 Sep 2017 06:03:42 GMT" time="41.669" errors="0">
  <testcase name="loginFailure" time="2.842" classname="testcases.TC002_NegativeTesting"/>
  <testcase name="login" time="4.539" classname="testcases.TC001_Login"/>
  <testcase name="loginFailure" time="2.614" classname="testcases.TC002_NegativeTesting"/>
  <testcase name="login" time="4.613" classname="testcases.TC001_Login"/>
  <testcase name="loginFailure" time="2.677" classname="testcases.TC002_NegativeTesting"/>
  <testcase name="loginFailure" time="2.708" classname="testcases.TC002_NegativeTesting"/>
</testsuite> <!-- Test -->
