<?xml version="1.0" encoding="UTF-8"?>
<!-- Generated by org.testng.reporters.JUnitXMLReporter -->
<testsuite hostname="Gopinath-Jayakumar" name="Leads" tests="6" failures="0" timestamp="17 Sep 2017 06:20:15 GMT" time="46.401" errors="0">
  <testcase name="loginFailure" time="3.053" classname="testCases.TC002_LoginFailure"/>
  <testcase name="login" time="5.955" classname="testCases.TC001_Login"/>
  <testcase name="loginFailure" time="2.98" classname="testCases.TC002_LoginFailure"/>
  <testcase name="login" time="5.698" classname="testCases.TC001_Login"/>
  <testcase name="loginFailure" time="2.845" classname="testCases.TC002_LoginFailure"/>
  <testcase name="loginFailure" time="2.794" classname="testCases.TC002_LoginFailure"/>
</testsuite> <!-- Leads -->
